| 103       | 0.5398    | 15.19     | 20.24     | 4.038     | 47.6      | 22.25     | 63.46     |
| 104       | 0.5776    | 7.148     | 8.472     | 18.4      | 39.28     | 19.49     | 13.25     |
| 105       | 0.5441    | 25.28     | 12.27     | 16.11     | 79.8      | 23.34     | 33.98     |
| 106       | 0.5549    | 12.58     | 11.37     | 18.29     | 85.74     | 14.43     | 93.3      |
| 107       | 0.558     | 26.45     | 29.56     | 7.815     | 53.92     | 58.14     | 57.65     |
| 108       | 0.5849    | 6.118     | 17.83     | 18.46     | 44.25     | 60.99     | 55.75     |
| 109       | 0.5544    | 4.669     | 3.409     | 2.893     | 34.47     | 69.78     | 75.48     |
| 110       | 0.5428    | 24.94     | 13.86     | 13.09     | 17.67     | 33.72     | 16.82     |
| 111       | 0.533     | 16.53     | 15.19     | 23.84     | 29.22     | 11.71     | 24.26     |
| 112       | 0.5795    | 15.41     | 17.98     | 28.89     | 33.33     | 38.1      | 90.11     |
| 113       | 0.5953    | 29.4      | 6.618     | 2.692     | 57.09     | 89.53     | 89.23     |
| 114       | 0.5365    | 26.52     | 6.566     | 7.173     | 44.89     | 32.14     | 35.23     |
| 115       | 0.5631    | 5.016     | 6.225     | 7.186     | 39.7      | 27.6      | 17.53     |
| 116       | 0.5462    | 23.55     | 27.83     | 29.25     | 88.82     | 96.18     | 63.98     |
| 117       | 0.5633    | 11.79     | 23.94     | 15.95     | 35.95     | 12.56     | 29.03     |
| 118       | 0.5535    | 10.7      | 11.95     | 25.37     | 26.06     | 77.16     | 95.24     |
| 119       | 0.5318    | 2.358     | 10.82     | 16.43     | 82.66     | 81.97     | 42.68     |
| 120       | 0.5312    | 26.55     | 3.731     | 20.94     | 46.59     | 58.69     | 68.06     |
| 121       | 0.5649    | 12.8      | 10.33     | 25.14     | 16.52     | 40.83     | 61.98     |
| 122       | 0.5857    | 28.27     | 29.55     | 6.994     | 90.78     | 34.18     | 46.13     |
| 123       | 0.5269    | 17.19     | 9.839     | 9.739     | 79.68     | 18.89     | 87.16     |
| 124       | 0.4984    | 27.12     | 3.107     | 25.09     | 97.21     | 40.37     | 88.25     |
| 125       | 0.5148    | 25.0      | 11.65     | 25.9      | 90.6      | 90.07     | 77.4      |
| 126       | 0.5611    | 10.66     | 25.05     | 7.053     | 82.25     | 29.86     | 39.73     |
| 127       | 0.5714    | 11.59     | 28.2      | 27.25     | 54.3      | 43.46     | 34.53     |
| 128       | 0.5808    | 13.97     | 5.724     | 24.42     | 74.89     | 54.92     | 27.99     |
| 129       | 0.5856    | 8.271     | 13.62     | 27.44     | 65.81     | 62.48     | 82.42     |
| 130       | 0.5245    | 16.52     | 17.52     | 6.507     | 79.22     | 17.06     | 17.56     |
| 131       | 0.5934    | 27.33     | 29.93     | 5.678     | 14.15     | 52.41     | 62.31     |
| 132       | 0.5682    | 18.16     | 14.08     | 29.24     | 92.33     | 48.18     | 36.85     |
| 133       | 0.5729    | 8.447     | 9.541     | 12.16     | 13.83     | 26.82     | 13.91     |
| 134       | 0.5808    | 19.91     | 20.05     | 5.461     | 77.97     | 78.53     | 40.96     |
| 135       | 0.5957    | 3.621     | 26.02     | 29.98     | 79.29     | 39.2      | 77.5      |
| 136       | 0.5301    | 28.64     | 15.04     | 11.17     | 15.06     | 96.61     | 86.77     |
| 137       | 0.5681    | 3.909     | 10.65     | 18.58     | 24.58     | 59.84     | 17.94     |
| 138       | 0.5734    | 6.954     | 18.49     | 10.05     | 55.42     | 30.65     | 16.99     |
| 139       | 0.5826    | 5.954     | 21.74     | 5.278     | 32.42     | 75.86     | 10.24     |
| 140       | 0.5686    | 5.517     | 7.312     | 14.49     | 43.53     | 89.32     | 43.57     |
| 141       | 0.5574    | 26.51     | 25.28     | 16.29     | 35.19     | 20.15     | 48.23     |
| 142       | 0.555     | 25.75     | 27.98     | 17.24     | 20.65     | 37.95     | 31.73     |
| 143       | 0.5213    | 22.39     | 6.26      | 28.0      | 87.27     | 83.64     | 57.32     |
| 144       | 0.5868    | 14.51     | 26.73     | 15.41     | 56.7      | 94.57     | 30.03     |
| 145       | 0.5316    | 27.79     | 28.15     | 23.69     | 52.16     | 49.09     | 42.05     |
| 146       | 0.5454    | 12.18     | 23.04     | 19.97     | 83.84     | 38.56     | 42.88     |
| 147       | 0.5701    | 8.023     | 12.36     | 21.14     | 43.34     | 45.26     | 47.19     |
| 148       | 0.5598    | 6.241     | 3.59      | 20.24     | 92.94     | 40.9      | 39.65     |
| 149       | 0.4921    | 29.69     | 5.153     | 16.14     | 30.71     | 14.37     | 58.97     |
| 150       | 0.5535    | 17.74     | 19.28     | 10.92     | 83.66     | 90.49     | 41.27     |
| 151       | 0.5528    | 23.54     | 3.156     | 28.93     | 86.48     | 48.27     | 97.88     |
| 152       | 0.5564    | 13.99     | 3.392     | 7.751     | 47.57     | 89.75     | 77.92     |
| 153       | 0.5519    | 27.28     | 29.22     | 24.94     | 26.56     | 54.76     | 19.43     |
| 154       | 0.5282    | 11.93     | 29.1      | 14.96     | 86.78     | 17.29     | 96.83     |
| 155       | 0.5406    | 21.82     | 20.48     | 2.104     | 82.07     | 70.06     | 92.28     |
| 156       | 0.5829    | 12.77     | 22.29     | 28.4      | 57.84     | 84.54     | 16.67     |
| 157       | 0.5584    | 18.46     | 19.65     | 4.659     | 33.07     | 48.42     | 24.28     |
| 158       | 0.5589    | 21.29     | 23.5      | 25.87     | 42.11     | 98.88     | 25.73     |
| 159       | 0.5311    | 29.45     | 28.47     | 19.99     | 93.99     | 37.98     | 69.51     |
| 160       | 0.5753    | 18.18     | 9.605     | 2.973     | 51.46     | 49.38     | 31.06     |
| 161       | 0.5258    | 14.72     | 10.27     | 17.57     | 38.53     | 43.15     | 91.62     |
| 162       | 0.5778    | 8.367     | 9.119     | 21.26     | 82.62     | 15.33     | 62.4      |
| 163       | 0.5184    | 13.03     | 12.93     | 11.67     | 81.83     | 99.02     | 98.43     |
| 164       | 0.5437    | 17.91     | 25.64     | 2.507     | 73.41     | 13.64     | 52.6      |
| 165       | 0.4939    | 26.67     | 17.24     | 23.66     | 72.32     | 73.19     | 38.72     |
| 166       | 0.5826    | 2.7       | 12.83     | 12.84     | 65.97     | 91.9      | 85.75     |
| 167       | 0.5581    | 9.605     | 21.08     | 10.79     | 79.3      | 40.26     | 28.59     |
| 168       | 0.5924    | 4.543     | 16.14     | 10.49     | 64.36     | 54.01     | 14.76     |
| 169       | 0.4901    | 28.41     | 12.34     | 28.34     | 51.01     | 35.79     | 43.21     |
| 170       | 0.5339    | 21.04     | 9.325     | 26.42     | 89.16     | 70.5      | 80.77     |
| 171       | 0.5904    | 18.19     | 6.733     | 26.58     | 60.56     | 56.41     | 45.09     |
| 172       | 0.5513    | 13.99     | 20.72     | 8.895     | 15.85     | 34.41     | 63.57     |
| 173       | 0.5569    | 12.58     | 19.46     | 2.143     | 41.28     | 47.48     | 69.18     |
| 174       | 0.5555    | 18.99     | 27.79     | 29.18     | 22.43     | 96.24     | 16.47     |
| 175       | 0.5459    | 21.06     | 8.311     | 2.827     | 45.71     | 14.95     | 73.64     |
| 176       | 0.5383    | 14.59     | 3.311     | 13.66     | 21.22     | 95.29     | 60.84     |
| 177       | 0.5236    | 25.34     | 25.11     | 15.59     | 82.9      | 16.23     | 16.16     |
| 178       | 0.5521    | 17.65     | 5.029     | 6.041     | 84.05     | 46.15     | 66.2      |
| 179       | 0.5808    | 3.378     | 6.84      | 16.34     | 45.86     | 80.67     | 25.87     |
| 180       | 0.5103    | 24.09     | 17.83     | 11.19     | 71.62     | 32.17     | 79.71     |
| 181       | 0.53      | 20.34     | 22.16     | 10.79     | 17.01     | 65.35     | 68.77     |
| 182       | 0.5187    | 19.45     | 18.52     | 16.33     | 64.45     | 84.07     | 91.57     |
| 183       | 0.5589    | 6.923     | 21.36     | 22.85     | 49.87     | 87.74     | 27.22     |
| 184       | 0.5382    | 19.56     | 21.8      | 24.89     | 82.4      | 51.41     | 60.89     |
| 185       | 0.5545    | 24.67     | 29.19     | 4.772     | 87.01     | 85.65     | 39.16     |
| 186       | 0.5257    | 19.34     | 16.73     | 13.22     | 47.8      | 43.92     | 12.31     |
| 187       | 0.5669    | 17.09     | 29.32     | 16.77     | 11.42     | 92.88     | 82.18     |
| 188       | 0.5353    | 18.77     | 12.46     | 2.518     | 83.73     | 57.88     | 99.85     |
| 189       | 0.5396    | 13.93     | 2.311     | 10.14     | 64.48     | 39.61     | 86.52     |
| 190       | 0.5695    | 13.62     | 23.41     | 26.3      | 91.2      | 91.31     | 15.82     |
| 191       | 0.5428    | 17.17     | 5.162     | 5.002     | 39.68     | 35.87     | 14.0      |
| 192       | 0.6011    | 8.956     | 13.42     | 27.8      | 23.76     | 40.01     | 93.65     |
| 193       | 0.5565    | 11.42     | 21.14     | 21.03     | 83.01     | 92.35     | 65.55     |
| 194       | 0.5603    | 14.96     | 9.68      | 4.154     | 40.13     | 14.76     | 14.03     |
| 195       | 0.4888    | 19.82     | 11.54     | 29.38     | 89.43     | 41.45     | 23.11     |
| 196       | 0.5375    | 17.38     | 23.36     | 25.06     | 88.08     | 33.09     | 44.74     |
| 197       | 0.5887    | 12.3      | 26.23     | 28.63     | 60.51     | 55.18     | 22.69     |
| 198       | 0.5811    | 7.663     | 20.08     | 24.86     | 99.21     | 34.61     | 83.58     |
| 199       | 0.5713    | 10.86     | 18.94     | 29.63     | 60.18     | 32.25     | 47.15     |
| 200       | 0.5585    | 27.31     | 6.976     | 3.469     | 80.69     | 55.97     | 73.91     |
| 201       | 0.583     | 28.55     | 6.135     | 2.697     | 55.96     | 87.81     | 91.32     |
| 202       | 0.5959    | 4.916     | 13.23     | 20.05     | 62.03     | 53.28     | 39.18     |
| 203       | 0.575     | 2.221     | 21.09     | 30.0      | 25.69     | 41.39     | 87.67     |
| 204       | 0.5491    | 2.0       | 20.75     | 19.38     | 65.55     | 57.35     | 25.52     |
| 205       | 0.5942    | 10.96     | 11.93     | 15.04     | 57.24     | 57.22     | 46.95     |
| 206       | 0.6039    | 6.089     | 11.84     | 26.42     | 54.65     | 60.61     | 43.81     |
| 207       | 0.5814    | 2.0       | 16.92     | 19.22     | 56.64     | 65.7      | 48.84     |
| 208       | 0.565     | 30.0      | 2.0       | 2.0       | 61.04     | 98.2      | 83.28     |
| 209       | 0.5381    | 14.59     | 7.305     | 12.11     | 65.54     | 50.44     | 35.87     |
| 210       | 0.5881    | 9.149     | 17.95     | 21.87     | 53.15     | 56.81     | 40.3      |
| 211       | 0.5791    | 6.058     | 9.617     | 30.0      | 62.83     | 53.7      | 44.62     |
| 212       | 0.5822    | 6.196     | 2.363     | 21.07     | 60.6      | 63.75     | 41.81     |
| 213       | 0.5804    | 30.0      | 30.0      | 3.712     | 26.31     | 46.9      | 62.81     |
| 214       | 0.5834    | 2.0       | 8.979     | 18.21     | 50.9      | 57.29     | 44.38     |
| 215       | 0.5852    | 7.35      | 30.0      | 28.6      | 35.41     | 86.62     | 93.53     |
| 216       | 0.5808    | 4.65      | 16.04     | 5.169     | 32.61     | 81.29     | 26.68     |
| 217       | 0.5717    | 13.3      | 10.37     | 22.27     | 52.77     | 66.28     | 45.8      |
| 218       | 0.5763    | 13.63     | 23.84     | 4.355     | 43.97     | 91.37     | 35.93     |
| 219       | 0.6188    | 5.717     | 30.0      | 30.0      | 45.04     | 74.15     | 95.58     |
| 220       | 0.6133    | 5.428     | 30.0      | 30.0      | 37.95     | 70.83     | 100.0     |
| 221       | 0.5818    | 10.09     | 30.0      | 30.0      | 40.36     | 69.03     | 91.02     |
| 222       | 0.5836    | 2.0       | 30.0      | 23.63     | 43.49     | 76.49     | 100.0     |
| 223       | 0.585     | 7.7       | 30.0      | 30.0      | 49.03     | 68.84     | 100.0     |
| 224       | 0.6155    | 6.856     | 24.5      | 27.07     | 38.54     | 77.61     | 97.89     |
| 225       | 0.5533    | 2.0       | 22.49     | 30.0      | 42.6      | 74.5      | 94.77     |
=================================================================================================
